Traceback (most recent call last):
  File "/home/steven/anaconda3/lib/python3.8/site-packages/jupyter_cache/executors/utils.py", line 58, in single_nb_execution
    executenb(
  File "/home/steven/anaconda3/lib/python3.8/site-packages/nbclient/client.py", line 1305, in execute
    return NotebookClient(nb=nb, resources=resources, km=km, **kwargs).execute()
  File "/home/steven/anaconda3/lib/python3.8/site-packages/jupyter_core/utils/__init__.py", line 165, in wrapped
    return loop.run_until_complete(inner)
  File "/home/steven/anaconda3/lib/python3.8/asyncio/base_events.py", line 616, in run_until_complete
    return future.result()
  File "/home/steven/anaconda3/lib/python3.8/site-packages/nbclient/client.py", line 705, in async_execute
    await self.async_execute_cell(
  File "/home/steven/anaconda3/lib/python3.8/site-packages/nbclient/client.py", line 1058, in async_execute_cell
    await self._check_raise_for_error(cell, cell_index, exec_reply)
  File "/home/steven/anaconda3/lib/python3.8/site-packages/nbclient/client.py", line 914, in _check_raise_for_error
    raise CellExecutionError.from_cell_and_msg(cell, exec_reply_content)
nbclient.exceptions.CellExecutionError: An error occurred while executing the following cell:
------------------
# looking at the data preview above, the water level (stage) label is quite long
# lets store it in a more convenient variable
stage_label = 'Water level (daily av.) (m)'

stage_df = stage_df[['Date', stage_label]].copy()

# Because of possible NaN entries in the data column, the column may be read as strings instead of floating point numbers (floats)
#with the following line we fix that, by forcing the data type to float.
site_df[stage_label] = site_df[stage_label].astype(float)
------------------


[0;31m---------------------------------------------------------------------------[0m
[0;31mNameError[0m                                 Traceback (most recent call last)
Cell [0;32mIn[6], line 9[0m
[1;32m      5[0m stage_df [38;5;241m=[39m stage_df[[[38;5;124m'[39m[38;5;124mDate[39m[38;5;124m'[39m, stage_label]][38;5;241m.[39mcopy()
[1;32m      7[0m [38;5;66;03m# Because of possible NaN entries in the data column, the column may be read as strings instead of floating point numbers (floats)[39;00m
[1;32m      8[0m [38;5;66;03m#with the following line we fix that, by forcing the data type to float.[39;00m
[0;32m----> 9[0m site_df[stage_label] [38;5;241m=[39m [43msite_df[49m[stage_label][38;5;241m.[39mastype([38;5;28mfloat[39m)

[0;31mNameError[0m: name 'site_df' is not defined

